Building DAG of jobs...
Using shell: /usr/bin/bash
Provided cores: 1 (use --cores to define parallelism)
Rules claiming more threads will be scaled down.
Job stats:
job                     count
--------------------  -------
all                         1
create_libraries_csv       10
total                      11

Select jobs to execute...
Execute 1 jobs...

[Fri Jul 12 11:12:10 2024]
localrule create_libraries_csv:
    input: tissues
    output: libraries/melas_1_rpe_choroid_rep1_libraries.csv
    jobid: 3
    reason: Missing output files: libraries/melas_1_rpe_choroid_rep1_libraries.csv; Code has changed since last execution
    wildcards: id=melas_1_rpe_choroid_rep1
    resources: tmpdir=/tmp

[Fri Jul 12 11:12:11 2024]
Error in rule create_libraries_csv:
    jobid: 3
    input: tissues
    output: libraries/melas_1_rpe_choroid_rep1_libraries.csv

Shutting down, this might take some time.
Exiting because a job execution failed. Look above for error message
Complete log: .snakemake/log/2024-07-12T111210.564454.snakemake.log
WorkflowError:
At least one job did not complete successfully.
