Building DAG of jobs...
Using shell: /usr/bin/bash
Provided cores: 1 (use --cores to define parallelism)
Rules claiming more threads will be scaled down.
Job stats:
job                     count
--------------------  -------
all                         1
create_libraries_csv        4
total                       5

Select jobs to execute...
Execute 1 jobs...

[Mon Jun 24 16:56:57 2024]
localrule create_libraries_csv:
    output: SRR17909503_SRR17909494_libraries.csv
    jobid: 3
    reason: Missing output files: SRR17909503_SRR17909494_libraries.csv
    wildcards: atac_srr=SRR17909503, rna_srr=SRR17909494
    resources: tmpdir=/tmp

[Mon Jun 24 16:57:02 2024]
Error in rule create_libraries_csv:
    jobid: 3
    output: SRR17909503_SRR17909494_libraries.csv

Shutting down, this might take some time.
Exiting because a job execution failed. Look above for error message
Complete log: .snakemake/log/2024-06-24T165657.133685.snakemake.log
WorkflowError:
At least one job did not complete successfully.
