Building DAG of jobs...
Using shell: /usr/bin/bash
Provided cores: 1 (use --cores to define parallelism)
Rules claiming more threads will be scaled down.
Job stats:
job                 count
----------------  -------
all                     1
create_directory        7
total                   8

Select jobs to execute...
Execute 1 jobs...

[Thu Jun 20 15:03:35 2024]
localrule create_directory:
    output: SRR17909506.txt
    jobid: 5
    reason: Missing output files: SRR17909506.txt; Code has changed since last execution
    wildcards: n=SRR17909506
    resources: tmpdir=/tmp

[Thu Jun 20 15:03:35 2024]
Finished job 5.
1 of 8 steps (12%) done
Select jobs to execute...
Execute 1 jobs...

[Thu Jun 20 15:03:35 2024]
localrule create_directory:
    output: SRR17909505.txt
    jobid: 4
    reason: Missing output files: SRR17909505.txt
    wildcards: n=SRR17909505
    resources: tmpdir=/tmp

[Thu Jun 20 15:03:35 2024]
Finished job 4.
2 of 8 steps (25%) done
Select jobs to execute...
Execute 1 jobs...

[Thu Jun 20 15:03:35 2024]
localrule create_directory:
    output: SRR17909504.txt
    jobid: 3
    reason: Missing output files: SRR17909504.txt; Code has changed since last execution
    wildcards: n=SRR17909504
    resources: tmpdir=/tmp

[Thu Jun 20 15:03:35 2024]
Finished job 3.
3 of 8 steps (38%) done
Select jobs to execute...
Execute 1 jobs...

[Thu Jun 20 15:03:36 2024]
localrule create_directory:
    output: SRR17909503.txt
    jobid: 2
    reason: Missing output files: SRR17909503.txt
    wildcards: n=SRR17909503
    resources: tmpdir=/tmp

[Thu Jun 20 15:03:36 2024]
Finished job 2.
4 of 8 steps (50%) done
Select jobs to execute...
Execute 1 jobs...

[Thu Jun 20 15:03:36 2024]
localrule create_directory:
    output: SRR17909502.txt
    jobid: 1
    reason: Missing output files: SRR17909502.txt; Code has changed since last execution
    wildcards: n=SRR17909502
    resources: tmpdir=/tmp

[Thu Jun 20 15:03:36 2024]
Finished job 1.
5 of 8 steps (62%) done
Select jobs to execute...
Execute 1 jobs...

[Thu Jun 20 15:03:36 2024]
localrule create_directory:
    output: SRR17909508.txt
    jobid: 7
    reason: Missing output files: SRR17909508.txt; Code has changed since last execution
    wildcards: n=SRR17909508
    resources: tmpdir=/tmp

[Thu Jun 20 15:03:36 2024]
Finished job 7.
6 of 8 steps (75%) done
Select jobs to execute...
Execute 1 jobs...

[Thu Jun 20 15:03:36 2024]
localrule create_directory:
    output: SRR17909507.txt
    jobid: 6
    reason: Missing output files: SRR17909507.txt; Code has changed since last execution
    wildcards: n=SRR17909507
    resources: tmpdir=/tmp

[Thu Jun 20 15:03:36 2024]
Finished job 6.
7 of 8 steps (88%) done
Select jobs to execute...
Execute 1 jobs...

[Thu Jun 20 15:03:36 2024]
localrule all:
    input: SRR17909502.txt, SRR17909503.txt, SRR17909504.txt, SRR17909505.txt, SRR17909506.txt, SRR17909507.txt, SRR17909508.txt
    jobid: 0
    reason: Input files updated by another job: SRR17909508.txt, SRR17909506.txt, SRR17909502.txt, SRR17909505.txt, SRR17909507.txt, SRR17909503.txt, SRR17909504.txt
    resources: tmpdir=/tmp

[Thu Jun 20 15:03:36 2024]
Finished job 0.
8 of 8 steps (100%) done
Complete log: .snakemake/log/2024-06-20T150335.875802.snakemake.log
