Building DAG of jobs...
Using shell: /usr/bin/bash
Provided cores: 1 (use --cores to define parallelism)
Rules claiming more threads will be scaled down.
Job stats:
job                     count
--------------------  -------
all                         1
create_libraries_csv        1
total                       2

Select jobs to execute...
Execute 1 jobs...

[Fri Jul 12 10:50:25 2024]
localrule create_libraries_csv:
    input: tissues/control_10_rpe_choroid, tissues/control_9_rpe_choroid, tissues/melas_1_rpe_choroid_rep1, tissues/melas_1_rpe_choroid_rep2, tissues/melas_1_purified_rpe, tissues/melas_1_retina, tissues/control_10_retina, tissues/control_9_retina, tissues/control_3_purified_rpe, tissues/control_2_rpe_choroid
    output: libraries/control_10_rpe_choroid_libraries.csv, libraries/control_9_rpe_choroid_libraries.csv, libraries/melas_1_rpe_choroid_rep1_libraries.csv, libraries/melas_1_rpe_choroid_rep2_libraries.csv, libraries/melas_1_purified_rpe_libraries.csv, libraries/melas_1_retina_libraries.csv, libraries/control_10_retina_libraries.csv, libraries/control_9_retina_libraries.csv, libraries/control_3_purified_rpe_libraries.csv, libraries/control_2_rpe_choroid_libraries.csv
    jobid: 1
    reason: Missing output files: libraries/melas_1_rpe_choroid_rep1_libraries.csv, libraries/control_9_rpe_choroid_libraries.csv, libraries/control_10_retina_libraries.csv, libraries/control_9_retina_libraries.csv, libraries/control_3_purified_rpe_libraries.csv, libraries/control_2_rpe_choroid_libraries.csv, libraries/melas_1_rpe_choroid_rep2_libraries.csv, libraries/melas_1_purified_rpe_libraries.csv, libraries/melas_1_retina_libraries.csv, libraries/control_10_rpe_choroid_libraries.csv
    resources: tmpdir=/tmp

[Fri Jul 12 10:50:26 2024]
Error in rule create_libraries_csv:
    jobid: 1
    input: tissues/control_10_rpe_choroid, tissues/control_9_rpe_choroid, tissues/melas_1_rpe_choroid_rep1, tissues/melas_1_rpe_choroid_rep2, tissues/melas_1_purified_rpe, tissues/melas_1_retina, tissues/control_10_retina, tissues/control_9_retina, tissues/control_3_purified_rpe, tissues/control_2_rpe_choroid
    output: libraries/control_10_rpe_choroid_libraries.csv, libraries/control_9_rpe_choroid_libraries.csv, libraries/melas_1_rpe_choroid_rep1_libraries.csv, libraries/melas_1_rpe_choroid_rep2_libraries.csv, libraries/melas_1_purified_rpe_libraries.csv, libraries/melas_1_retina_libraries.csv, libraries/control_10_retina_libraries.csv, libraries/control_9_retina_libraries.csv, libraries/control_3_purified_rpe_libraries.csv, libraries/control_2_rpe_choroid_libraries.csv

Shutting down, this might take some time.
Exiting because a job execution failed. Look above for error message
Complete log: .snakemake/log/2024-07-12T105025.568909.snakemake.log
WorkflowError:
At least one job did not complete successfully.
