Building DAG of jobs...
Using shell: /usr/bin/bash
Provided cores: 48
Rules claiming more threads will be scaled down.
Job stats:
job                     count
--------------------  -------
all                         1
create_libraries_csv        2
prefetch                    2
rename                      2
total                       7

Select jobs to execute...
Execute 2 jobs...

[Sat Jul 13 14:18:15 2024]
localrule create_libraries_csv:
    output: libraries/control_9_retina_libraries.csv
    jobid: 3
    reason: Missing output files: libraries/control_9_retina_libraries.csv; Code has changed since last execution
    wildcards: id=control_9_retina
    resources: tmpdir=/tmp


[Sat Jul 13 14:18:15 2024]
localrule create_libraries_csv:
    output: libraries/melas_1_retina_libraries.csv
    jobid: 5
    reason: Missing output files: libraries/melas_1_retina_libraries.csv; Code has changed since last execution
    wildcards: id=melas_1_retina
    resources: tmpdir=/tmp

[Sat Jul 13 14:18:15 2024]
Finished job 3.
1 of 7 steps (14%) done
Select jobs to execute...
Execute 1 jobs...

[Sat Jul 13 14:18:15 2024]
localrule prefetch:
    input: libraries/control_9_retina_libraries.csv
    output: tissues/control_9_retina/atac_seq, tissues/control_9_retina/rna_seq
    jobid: 2
    reason: Missing output files: tissues/control_9_retina/atac_seq; Input files updated by another job: libraries/control_9_retina_libraries.csv
    wildcards: id=control_9_retina
    resources: tmpdir=/tmp

[Sat Jul 13 14:18:15 2024]
Finished job 5.
2 of 7 steps (29%) done
Select jobs to execute...
Execute 1 jobs...

[Sat Jul 13 14:18:15 2024]
localrule prefetch:
    input: libraries/melas_1_retina_libraries.csv
    output: tissues/melas_1_retina/atac_seq, tissues/melas_1_retina/rna_seq
    jobid: 4
    reason: Missing output files: tissues/melas_1_retina/atac_seq; Input files updated by another job: libraries/melas_1_retina_libraries.csv
    wildcards: id=melas_1_retina
    resources: tmpdir=/tmp

[Sat Jul 13 15:46:44 2024]
Error in rule prefetch:
    jobid: 2
    input: libraries/control_9_retina_libraries.csv
    output: tissues/control_9_retina/atac_seq, tissues/control_9_retina/rna_seq

[Sat Jul 13 15:53:53 2024]
Error in rule prefetch:
    jobid: 4
    input: libraries/melas_1_retina_libraries.csv
    output: tissues/melas_1_retina/atac_seq, tissues/melas_1_retina/rna_seq

Shutting down, this might take some time.
Exiting because a job execution failed. Look above for error message
Complete log: .snakemake/log/2024-07-13T141815.155335.snakemake.log
WorkflowError:
At least one job did not complete successfully.
