Building DAG of jobs...
Using shell: /usr/bin/bash
Provided cores: 48
Rules claiming more threads will be scaled down.
Job stats:
job       count
------  -------
all           1
run_cr        1
total         2

Select jobs to execute...
Execute 1 jobs...

[Mon Jul  1 11:09:01 2024]
localrule run_cr:
    input: libraries/SRR17909502_SRR17909494_libraries.csv
    output: SRR17909502_SRR17909494
    jobid: 1
    reason: Missing output files: SRR17909502_SRR17909494
    wildcards: atac_srr=SRR17909502, rna_srr=SRR17909494
    resources: tmpdir=/tmp

[Mon Jul  1 14:46:47 2024]
Finished job 1.
1 of 2 steps (50%) done
Select jobs to execute...
Execute 1 jobs...

[Mon Jul  1 14:46:47 2024]
localrule all:
    input: SRR17909502_SRR17909494
    jobid: 0
    reason: Input files updated by another job: SRR17909502_SRR17909494
    resources: tmpdir=/tmp

[Mon Jul  1 14:46:47 2024]
Finished job 0.
2 of 2 steps (100%) done
Complete log: .snakemake/log/2024-07-01T110901.726233.snakemake.log
