Building DAG of jobs...
Using shell: /usr/bin/bash
Provided cores: 48
Rules claiming more threads will be scaled down.
Job stats:
job                   count
------------------  -------
all                       1
fastq_dump_atac           1
prefetch_atac             1
rename_fastq_files        1
total                     4

Select jobs to execute...
Execute 1 jobs...

[Fri Jun 28 15:37:49 2024]
localrule prefetch_atac:
    output: atac_seq/SRR17909502/SRR17909502.sra
    jobid: 3
    reason: Missing output files: atac_seq/SRR17909502/SRR17909502.sra
    wildcards: srr=SRR17909502
    resources: tmpdir=/tmp

[Fri Jun 28 16:40:34 2024]
Finished job 3.
1 of 4 steps (25%) done
Select jobs to execute...
Execute 1 jobs...

[Fri Jun 28 16:40:34 2024]
localrule fastq_dump_atac:
    input: atac_seq/SRR17909502/SRR17909502.sra
    output: atac_seq/SRR17909502/SRR17909502_1.fastq, atac_seq/SRR17909502/SRR17909502_2.fastq, atac_seq/SRR17909502/SRR17909502_3.fastq, atac_seq/SRR17909502/SRR17909502_4.fastq
    jobid: 2
    reason: Missing output files: atac_seq/SRR17909502/SRR17909502_1.fastq, atac_seq/SRR17909502/SRR17909502_2.fastq, atac_seq/SRR17909502/SRR17909502_3.fastq, atac_seq/SRR17909502/SRR17909502_4.fastq; Input files updated by another job: atac_seq/SRR17909502/SRR17909502.sra
    wildcards: srr=SRR17909502
    resources: tmpdir=/tmp

[Fri Jun 28 16:45:43 2024]
Finished job 2.
2 of 4 steps (50%) done
Select jobs to execute...
Execute 1 jobs...

[Fri Jun 28 16:45:43 2024]
localrule rename_fastq_files:
    input: atac_seq/SRR17909502/SRR17909502_1.fastq, atac_seq/SRR17909502/SRR17909502_2.fastq, atac_seq/SRR17909502/SRR17909502_3.fastq, atac_seq/SRR17909502/SRR17909502_4.fastq
    output: atac_seq/SRR17909502/SRR17909502_S1_L001_I1_001.fastq, atac_seq/SRR17909502/SRR17909502_S1_L001_R1_001.fastq, atac_seq/SRR17909502/SRR17909502_S1_L001_R2_001.fastq, atac_seq/SRR17909502/SRR17909502_S1_L001_R3_001.fastq
    jobid: 1
    reason: Missing output files: atac_seq/SRR17909502/SRR17909502_S1_L001_R2_001.fastq, atac_seq/SRR17909502/SRR17909502_S1_L001_R1_001.fastq, atac_seq/SRR17909502/SRR17909502_S1_L001_I1_001.fastq, atac_seq/SRR17909502/SRR17909502_S1_L001_R3_001.fastq; Input files updated by another job: atac_seq/SRR17909502/SRR17909502_4.fastq, atac_seq/SRR17909502/SRR17909502_2.fastq, atac_seq/SRR17909502/SRR17909502_3.fastq, atac_seq/SRR17909502/SRR17909502_1.fastq
    wildcards: srr=SRR17909502
    resources: tmpdir=/tmp

[Fri Jun 28 16:45:43 2024]
Finished job 1.
3 of 4 steps (75%) done
Select jobs to execute...
Execute 1 jobs...

[Fri Jun 28 16:45:43 2024]
localrule all:
    input: atac_seq/SRR17909502/SRR17909502_S1_L001_I1_001.fastq, atac_seq/SRR17909502/SRR17909502_S1_L001_R1_001.fastq, atac_seq/SRR17909502/SRR17909502_S1_L001_R2_001.fastq, atac_seq/SRR17909502/SRR17909502_S1_L001_R3_001.fastq
    jobid: 0
    reason: Input files updated by another job: atac_seq/SRR17909502/SRR17909502_S1_L001_R2_001.fastq, atac_seq/SRR17909502/SRR17909502_S1_L001_R1_001.fastq, atac_seq/SRR17909502/SRR17909502_S1_L001_I1_001.fastq, atac_seq/SRR17909502/SRR17909502_S1_L001_R3_001.fastq
    resources: tmpdir=/tmp

[Fri Jun 28 16:45:43 2024]
Finished job 0.
4 of 4 steps (100%) done
Complete log: .snakemake/log/2024-06-28T153749.613910.snakemake.log
