Building DAG of jobs...
Using shell: /usr/bin/bash
Provided cores: 1 (use --cores to define parallelism)
Rules claiming more threads will be scaled down.
Job stats:
job                 count
----------------  -------
all                     1
create_directory        7
total                   8

Select jobs to execute...
Execute 1 jobs...

[Thu Jun 20 14:52:50 2024]
localrule create_directory:
    output: SRR17909506.txt/.created
    jobid: 5
    reason: Missing output files: SRR17909506.txt/.created
    wildcards: dirname=SRR17909506.txt
    resources: tmpdir=/tmp

ImproperOutputException in rule create_directory in file /charonfs/scratch/users/astar/gis/stufrancis/snakemake_tutorial/Snakefile, line 13:
Outputs of incorrect type (directories when expecting files or vice versa). Output directories must be flagged with directory(). for rule create_directory:
    output: SRR17909506.txt/.created
    wildcards: dirname=SRR17909506.txt
    affected files:
        SRR17909506.txt/.created
Removing output files of failed job create_directory since they might be corrupted:
SRR17909506.txt/.created
Shutting down, this might take some time.
Exiting because a job execution failed. Look above for error message
Complete log: .snakemake/log/2024-06-20T145250.907347.snakemake.log
WorkflowError:
At least one job did not complete successfully.
