Building DAG of jobs...
Using shell: /usr/bin/bash
Provided cores: 1 (use --cores to define parallelism)
Rules claiming more threads will be scaled down.
Job stats:
job                 count
----------------  -------
all                     1
create_directory        7
total                   8

Select jobs to execute...
Execute 1 jobs...

[Thu Jun 20 15:01:01 2024]
localrule create_directory:
    output: SRR17909506.txt
    jobid: 5
    reason: Missing output files: SRR17909506.txt; Code has changed since last execution
    wildcards: n=SRR17909506
    resources: tmpdir=/tmp

RuleException in rule create_directory in file /charonfs/scratch/users/astar/gis/stufrancis/snakemake_tutorial/Snakefile, line 13:
NameError: The name 'wildcard' is unknown in this context. Please make sure that you defined that variable. Also note that braces not used for variable access have to be escaped by repeating them, i.e. {{print $1}}, when formatting the following:

        echo this is a {wildcard.n} > {output}
        
