Building DAG of jobs...
Using shell: /usr/bin/bash
Provided cores: 1 (use --cores to define parallelism)
Rules claiming more threads will be scaled down.
Job stats:
job                     count
--------------------  -------
all                         1
create_libraries_csv        4
total                       5

Select jobs to execute...
Execute 1 jobs...

[Mon Jun 24 17:03:15 2024]
localrule create_libraries_csv:
    output: SRR17909502_SRR17909494_libraries.csv
    jobid: 1
    reason: Missing output files: SRR17909502_SRR17909494_libraries.csv
    wildcards: atac_srr=SRR17909502, rna_srr=SRR17909494
    resources: tmpdir=/tmp

[Mon Jun 24 17:03:16 2024]
Finished job 1.
1 of 5 steps (20%) done
Select jobs to execute...
Execute 1 jobs...

[Mon Jun 24 17:03:16 2024]
localrule create_libraries_csv:
    output: SRR17909503_SRR17909494_libraries.csv
    jobid: 3
    reason: Missing output files: SRR17909503_SRR17909494_libraries.csv
    wildcards: atac_srr=SRR17909503, rna_srr=SRR17909494
    resources: tmpdir=/tmp

[Mon Jun 24 17:03:16 2024]
Finished job 3.
2 of 5 steps (40%) done
Select jobs to execute...
Execute 1 jobs...

[Mon Jun 24 17:03:16 2024]
localrule create_libraries_csv:
    output: SRR17909502_SRR17909495_libraries.csv
    jobid: 2
    reason: Missing output files: SRR17909502_SRR17909495_libraries.csv
    wildcards: atac_srr=SRR17909502, rna_srr=SRR17909495
    resources: tmpdir=/tmp

[Mon Jun 24 17:03:16 2024]
Finished job 2.
3 of 5 steps (60%) done
Select jobs to execute...
Execute 1 jobs...

[Mon Jun 24 17:03:16 2024]
localrule create_libraries_csv:
    output: SRR17909503_SRR17909495_libraries.csv
    jobid: 4
    reason: Missing output files: SRR17909503_SRR17909495_libraries.csv
    wildcards: atac_srr=SRR17909503, rna_srr=SRR17909495
    resources: tmpdir=/tmp

[Mon Jun 24 17:03:17 2024]
Finished job 4.
4 of 5 steps (80%) done
Select jobs to execute...
Execute 1 jobs...

[Mon Jun 24 17:03:17 2024]
localrule all:
    input: SRR17909502_SRR17909494_libraries.csv, SRR17909502_SRR17909495_libraries.csv, SRR17909503_SRR17909494_libraries.csv, SRR17909503_SRR17909495_libraries.csv
    jobid: 0
    reason: Input files updated by another job: SRR17909502_SRR17909495_libraries.csv, SRR17909502_SRR17909494_libraries.csv, SRR17909503_SRR17909495_libraries.csv, SRR17909503_SRR17909494_libraries.csv
    resources: tmpdir=/tmp

[Mon Jun 24 17:03:17 2024]
Finished job 0.
5 of 5 steps (100%) done
Complete log: .snakemake/log/2024-06-24T170315.812865.snakemake.log
