Building DAG of jobs...
Using shell: /usr/bin/bash
Provided cores: 1 (use --cores to define parallelism)
Rules claiming more threads will be scaled down.
Job stats:
job      count
-----  -------
hello        1
total        1

Select jobs to execute...
Execute 1 jobs...

[Fri Jun 14 18:40:53 2024]
localrule hello:
    output: output.txt
    jobid: 0
    reason: Missing output files: output.txt
    resources: tmpdir=/tmp

[Fri Jun 14 18:40:53 2024]
Finished job 0.
1 of 1 steps (100%) done
Complete log: .snakemake/log/2024-06-14T184053.423581.snakemake.log
