Building DAG of jobs...
Using shell: /usr/bin/bash
Provided cores: 48
Rules claiming more threads will be scaled down.
Job stats:
job                     count
--------------------  -------
all                         1
create_libraries_csv        1
get_files_atac              1
get_files_rna               1
run_cr                      1
total                       5

Select jobs to execute...
Execute 2 jobs...

[Fri Jun 28 15:37:49 2024]
localrule get_files_atac:
    output: atac_seq
    jobid: 3
    reason: Missing output files: atac_seq
    resources: tmpdir=/tmp


[Fri Jun 28 15:37:49 2024]
localrule get_files_rna:
    output: rna_seq
    jobid: 4
    reason: Missing output files: rna_seq
    resources: tmpdir=/tmp

[Fri Jun 28 16:45:43 2024]
Finished job 3.
1 of 5 steps (20%) done
[Fri Jun 28 16:46:42 2024]
Finished job 4.
2 of 5 steps (40%) done
Select jobs to execute...
Execute 1 jobs...

[Fri Jun 28 16:46:42 2024]
localrule create_libraries_csv:
    input: atac_seq, rna_seq
    output: libraries/SRR17909502_SRR17909494_libraries.csv
    jobid: 2
    reason: Missing output files: libraries/SRR17909502_SRR17909494_libraries.csv; Input files updated by another job: rna_seq, atac_seq
    wildcards: atac_srr=SRR17909502, rna_srr=SRR17909494
    resources: tmpdir=/tmp

[Fri Jun 28 16:46:43 2024]
Finished job 2.
3 of 5 steps (60%) done
Select jobs to execute...
Execute 1 jobs...

[Fri Jun 28 16:46:43 2024]
localrule run_cr:
    input: libraries/SRR17909502_SRR17909494_libraries.csv
    output: SRR17909502_SRR17909494
    jobid: 1
    reason: Missing output files: SRR17909502_SRR17909494; Input files updated by another job: libraries/SRR17909502_SRR17909494_libraries.csv
    wildcards: atac_srr=SRR17909502, rna_srr=SRR17909494
    resources: tmpdir=/tmp

[Fri Jun 28 16:46:43 2024]
Error in rule run_cr:
    jobid: 1
    input: libraries/SRR17909502_SRR17909494_libraries.csv
    output: SRR17909502_SRR17909494
    shell:
        
    cellranger-arc count --id=SRR17909502_SRR17909494                          --reference=refdata-cellranger-arc-GRCh38-2020-A-2.0.0                          --libraries=libraries/SRR17909502_SRR17909494_libraries.csv                          --localcores = 48
                         --localmem = 64
    
        (one of the commands exited with non-zero exit code; note that snakemake uses bash strict mode!)

Shutting down, this might take some time.
Exiting because a job execution failed. Look above for error message
Complete log: .snakemake/log/2024-06-28T153749.222527.snakemake.log
WorkflowError:
At least one job did not complete successfully.
